This is LuaTeX, Version 1.10.0 (MiKTeX 2.9.7000 64-bit)  (format=lualatex 2019.6.6)  8 SEP 2019 15:25
 restricted system commands enabled.
**homework_01.tex
(./homework_01.tex
LaTeX2e <2018-12-01>
Lua module: luaotfload-main 2019-02-14 2.96 luaotfload entry point
Lua module: luaotfload-init 2019-02-14 2.96 luaotfload submodule / initializatio
n
Lua module: lualibs 2019-02-14 2.64 ConTeXt Lua standard libraries.
Lua module: lualibs-extended 2019-02-14 2.64 ConTeXt Lua libraries -- extended c
ollection.
Lua module: luaotfload-log 2019-02-14 2.96 luaotfload submodule / logging
Lua module: luaotfload-parsers 2019-02-14 2.96 luaotfload submodule / filelist
Lua module: luaotfload-configuration 2019-02-14 2.96 luaotfload submodule / conf
ig file reader
luaotfload | conf : Root cache directory is C:/Users/ulvi95/AppData/Local/MiKTeX
/2.9/luatex-cache/generic/names.
luaotfload | init : Loading fontloader “fontloader-2019-02-14.lua” from kpse
-resolved path “C:/Users/ulvi95/AppData/Local/Programs/MiKTeX 2.9/tex/luatex/l
uaotfload/fontloader-2019-02-14.lua”.
Lua-only attribute luaotfload@state = 1
Lua-only attribute luaotfload@noligature = 2
Lua-only attribute luaotfload@syllabe = 3
luaotfload | init : Context OpenType loader version “3.107”
Inserting `luaotfload.node_processor' at position 1 in `pre_linebreak_filter'.
Inserting `luaotfload.node_processor' at position 1 in `hpack_filter'.
Lua module: luaotfload-loaders 2019-02-14 2.96 luaotfload submodule / callback h
andling
Inserting `luaotfload.define_font' at position 1 in `define_font'.
Lua module: luaotfload-database 2019-02-14 2.96 luaotfload submodule / database
Lua module: luaotfload-colors 2019-02-14 2.96 luaotfload submodule / color
Lua-only attribute luaotfload_color_attribute = 4
Lua module: luaotfload-resolvers 2019-02-14 2.96 luaotfload submodule / resolver
s
luaotfload | conf : Root cache directory is C:/Users/ulvi95/AppData/Local/MiKTeX
/2.9/luatex-cache/generic/names.
Lua module: luaotfload-features 2019-02-14 2.96 luaotfload submodule / features
Lua module: luaotfload-letterspace 2019-02-14 2.96 luaotfload submodule / color
Lua module: luaotfload-auxiliary 2019-02-14 2.96 luaotfload submodule / auxiliar
y functions
Inserting `luaotfload.aux.set_sscale_dimens' at position 1 in `luaotfload.patch_
font'.
Inserting `luaotfload.aux.patch_cambria_domh' at position 2 in `luaotfload.patch
_font'.
Inserting `luaotfload.aux.fixup_fontdata' at position 1 in `luaotfload.patch_fon
t_unsafe'.
Inserting `luaotfload.aux.set_capheight' at position 3 in `luaotfload.patch_font
'.
Inserting `luaotfload.rewrite_fontname' at position 4 in `luaotfload.patch_font'
.
luaotfload | main : initialization completed in 2.910 seconds

("C:/Users/ulvi95/AppData/Local/Programs/MiKTeX 2.9/tex/latex/koma-script/scrar
tcl.cls"
Document Class: scrartcl 2019/02/01 v3.26b KOMA-Script document class (article)

("C:/Users/ulvi95/AppData/Local/Programs/MiKTeX 2.9/tex/latex/koma-script/scrkb
ase.sty"
Package: scrkbase 2019/02/01 v3.26b KOMA-Script package (KOMA-Script-dependent b
asics and keyval usage)

("C:/Users/ulvi95/AppData/Local/Programs/MiKTeX 2.9/tex/latex/koma-script/scrba
se.sty"
Package: scrbase 2019/02/01 v3.26b KOMA-Script package (KOMA-Script-independent 
basics and keyval usage)

("C:/Users/ulvi95/AppData/Local/Programs/MiKTeX 2.9/tex/latex/graphics/keyval.s
ty"
Package: keyval 2014/10/28 v1.15 key=value parser (DPC)
\KV@toks@=\toks14
)
("C:/Users/ulvi95/AppData/Local/Programs/MiKTeX 2.9/tex/latex/koma-script/scrlf
ile.sty"
Package: scrlfile 2019/02/01 v3.26b KOMA-Script package (loading files)
)))
("C:/Users/ulvi95/AppData/Local/Programs/MiKTeX 2.9/tex/latex/koma-script/tocba
sic.sty"
Package: tocbasic 2019/02/01 v3.26b KOMA-Script package (handling toc-files)
\scr@dte@tocline@numberwidth=\skip41
\scr@dte@tocline@numbox=\box27
)
Package tocbasic Info: omitting babel extension for `toc'
(tocbasic)             because of feature `nobabel' available
(tocbasic)             for `toc' on input line 134.
Class scrartcl Info: File `scrsize11pt.clo' used instead of
(scrartcl)           file `scrsize11.clo' to setup font sizes on input line 2162
.

("C:/Users/ulvi95/AppData/Local/Programs/MiKTeX 2.9/tex/latex/koma-script/scrsi
ze11pt.clo"
File: scrsize11pt.clo 2019/02/01 v3.26b KOMA-Script font size class option (11pt
)
luaotfload | db : Font names database loaded from C:/Users/ulvi95/AppData/Local/
MiKTeX/2.9/luatex-cache/generic/names/luaotfload-names.luc)
("C:/Users/ulvi95/AppData/Local/Programs/MiKTeX 2.9/tex/latex/koma-script/typea
rea.sty"
Package: typearea 2019/02/01 v3.26b KOMA-Script package (type area)
\ta@bcor=\skip42
\ta@div=\count80
\ta@hblk=\skip43
\ta@vblk=\skip44
\ta@temp=\skip45
\footheight=\skip46
Package typearea Info: These are the values describing the layout:
(typearea)             DIV  = 10
(typearea)             BCOR = 0.0pt
(typearea)             \paperwidth      = 597.50793pt
(typearea)              \textwidth      = 418.25555pt
(typearea)              DIV departure   = -6%
(typearea)              \evensidemargin = 17.3562pt
(typearea)              \oddsidemargin  = 17.3562pt
(typearea)             \paperheight     = 845.04694pt
(typearea)              \textheight     = 595.80026pt
(typearea)              \topmargin      = -25.16531pt
(typearea)              \headheight     = 17.0pt
(typearea)              \headsep        = 20.40001pt
(typearea)              \topskip        = 11.0pt
(typearea)              \footskip       = 47.6pt
(typearea)              \baselineskip   = 13.6pt
(typearea)              on input line 1715.
)
\c@part=\count81
\c@section=\count82
\c@subsection=\count83
\c@subsubsection=\count84
\c@paragraph=\count85
\c@subparagraph=\count86
\scr@dte@section@maxnumwidth=\skip47
Class scrartcl Info: using compatibility default `runin=bysign'
(scrartcl)           for `\section on input line 4489.
Class scrartcl Info: using compatibility default `afterindent=bysign'
(scrartcl)           for `\section on input line 4489.
\scr@dte@part@maxnumwidth=\skip48
Class scrartcl Info: using compatibility default `afterindent=false'
(scrartcl)           for `\part on input line 4497.
\scr@dte@subsection@maxnumwidth=\skip49
Class scrartcl Info: using compatibility default `runin=bysign'
(scrartcl)           for `\subsection on input line 4507.
Class scrartcl Info: using compatibility default `afterindent=bysign'
(scrartcl)           for `\subsection on input line 4507.
\scr@dte@subsubsection@maxnumwidth=\skip50
Class scrartcl Info: using compatibility default `runin=bysign'
(scrartcl)           for `\subsubsection on input line 4517.
Class scrartcl Info: using compatibility default `afterindent=bysign'
(scrartcl)           for `\subsubsection on input line 4517.
\scr@dte@paragraph@maxnumwidth=\skip51
Class scrartcl Info: using compatibility default `runin=bysign'
(scrartcl)           for `\paragraph on input line 4527.
Class scrartcl Info: using compatibility default `afterindent=bysign'
(scrartcl)           for `\paragraph on input line 4527.
\scr@dte@subparagraph@maxnumwidth=\skip52
Class scrartcl Info: using compatibility default `runin=bysign'
(scrartcl)           for `\subparagraph on input line 4537.
Class scrartcl Info: using compatibility default `afterindent=bysign'
(scrartcl)           for `\subparagraph on input line 4537.
\abovecaptionskip=\skip53
\belowcaptionskip=\skip54
\c@pti@nb@sid@b@x=\box28
Package tocbasic Info: omitting babel extension for `lof'
(tocbasic)             because of feature `nobabel' available
(tocbasic)             for `lof' on input line 5781.
\scr@dte@figure@maxnumwidth=\skip55
\c@figure=\count87
Package tocbasic Info: omitting babel extension for `lot'
(tocbasic)             because of feature `nobabel' available
(tocbasic)             for `lot' on input line 5793.
\scr@dte@table@maxnumwidth=\skip56
\c@table=\count88
Class scrartcl Info: Redefining `\numberline' on input line 5957.
\bibindent=\dimen102
)
("C:/Users/ulvi95/AppData/Local/Programs/MiKTeX 2.9/tex/latex/geometry/geometry
.sty"
Package: geometry 2018/04/16 v5.8 Page Geometry

("C:/Users/ulvi95/AppData/Local/Programs/MiKTeX 2.9/tex/generic/oberdiek/ifpdf.
sty"
Package: ifpdf 2018/09/07 v3.3 Provides the ifpdf switch
)
("C:/Users/ulvi95/AppData/Local/Programs/MiKTeX 2.9/tex/generic/oberdiek/ifvtex
.sty"
Package: ifvtex 2016/05/16 v1.6 Detect VTeX and its facilities (HO)
Package ifvtex Info: VTeX not detected.
)
("C:/Users/ulvi95/AppData/Local/Programs/MiKTeX 2.9/tex/generic/ifxetex/ifxetex
.sty"
Package: ifxetex 2010/09/12 v0.6 Provides ifxetex conditional
)
\Gm@cnth=\count89
\Gm@cntv=\count90
\c@Gm@tempcnt=\count91
\Gm@bindingoffset=\dimen103
\Gm@wd@mp=\dimen104
\Gm@odd@mp=\dimen105
\Gm@even@mp=\dimen106
\Gm@layoutwidth=\dimen107
\Gm@layoutheight=\dimen108
\Gm@layouthoffset=\dimen109
\Gm@layoutvoffset=\dimen110
\Gm@dimlist=\toks15

("C:/Users/ulvi95/AppData/Local/Programs/MiKTeX 2.9/tex/latex/geometry/geometry
.cfg"))
("C:/Users/ulvi95/AppData/Local/Programs/MiKTeX 2.9/tex/latex/pdfpages/pdfpages
.sty"
Package: pdfpages 2017/10/31 v0.5l Insert pages of external PDF documents (AM)

("C:/Users/ulvi95/AppData/Local/Programs/MiKTeX 2.9/tex/latex/base/ifthen.sty"
Package: ifthen 2014/09/29 v1.1c Standard LaTeX ifthen package (DPC)
) ("C:/Users/ulvi95/AppData/Local/Programs/MiKTeX 2.9/tex/latex/tools/calc.sty"
Package: calc 2017/05/25 v4.3 Infix arithmetic (KKT,FJ)
\calc@Acount=\count92
\calc@Bcount=\count93
\calc@Adimen=\dimen111
\calc@Bdimen=\dimen112
\calc@Askip=\skip57
\calc@Bskip=\skip58
LaTeX Info: Redefining \setlength on input line 80.
LaTeX Info: Redefining \addtolength on input line 81.
\calc@Ccount=\count94
\calc@Cskip=\skip59
)
("C:/Users/ulvi95/AppData/Local/Programs/MiKTeX 2.9/tex/latex/eso-pic/eso-pic.s
ty"
Package: eso-pic 2018/04/12 v2.0h eso-pic (RN)

("C:/Users/ulvi95/AppData/Local/Programs/MiKTeX 2.9/tex/generic/oberdiek/atbegs
hi.sty"
Package: atbegshi 2016/06/09 v1.18 At begin shipout hook (HO)

("C:/Users/ulvi95/AppData/Local/Programs/MiKTeX 2.9/tex/generic/oberdiek/infwar
err.sty"
Package: infwarerr 2016/05/16 v1.4 Providing info/warning/error messages (HO)
)
("C:/Users/ulvi95/AppData/Local/Programs/MiKTeX 2.9/tex/generic/oberdiek/ltxcmd
s.sty"
Package: ltxcmds 2016/05/16 v1.23 LaTeX kernel commands for general use (HO)
))
("C:/Users/ulvi95/AppData/Local/Programs/MiKTeX 2.9/tex/latex/xcolor/xcolor.sty
"
Package: xcolor 2016/05/11 v2.12 LaTeX color extensions (UK)

("C:/Users/ulvi95/AppData/Local/Programs/MiKTeX 2.9/tex/latex/graphics-cfg/colo
r.cfg"
File: color.cfg 2016/01/02 v1.6 sample color configuration
)
Package xcolor Info: Driver file: luatex.def on input line 225.

("C:/Users/ulvi95/AppData/Local/Programs/MiKTeX 2.9/tex/latex/graphics-def/luat
ex.def"
File: luatex.def 2018/01/08 v1.0l Graphics/color driver for luatex
)
Package xcolor Info: Model `cmy' substituted by `cmy0' on input line 1348.
Package xcolor Info: Model `hsb' substituted by `rgb' on input line 1352.
Package xcolor Info: Model `RGB' extended on input line 1364.
Package xcolor Info: Model `HTML' substituted by `rgb' on input line 1366.
Package xcolor Info: Model `Hsb' substituted by `hsb' on input line 1367.
Package xcolor Info: Model `tHsb' substituted by `hsb' on input line 1368.
Package xcolor Info: Model `HSB' substituted by `hsb' on input line 1369.
Package xcolor Info: Model `Gray' substituted by `gray' on input line 1370.
Package xcolor Info: Model `wave' substituted by `hsb' on input line 1371.
))
("C:/Users/ulvi95/AppData/Local/Programs/MiKTeX 2.9/tex/latex/graphics/graphicx
.sty"
Package: graphicx 2017/06/01 v1.1a Enhanced LaTeX Graphics (DPC,SPQR)

("C:/Users/ulvi95/AppData/Local/Programs/MiKTeX 2.9/tex/latex/graphics/graphics
.sty"
Package: graphics 2017/06/25 v1.2c Standard LaTeX Graphics (DPC,SPQR)

("C:/Users/ulvi95/AppData/Local/Programs/MiKTeX 2.9/tex/latex/graphics/trig.sty
"
Package: trig 2016/01/03 v1.10 sin cos tan (DPC)
)
("C:/Users/ulvi95/AppData/Local/Programs/MiKTeX 2.9/tex/latex/graphics-cfg/grap
hics.cfg"
File: graphics.cfg 2016/06/04 v1.11 sample graphics configuration
)
Package graphics Info: Driver file: luatex.def on input line 99.
)
\Gin@req@height=\dimen113
\Gin@req@width=\dimen114
)
\AM@pagewidth=\dimen115
\AM@pageheight=\dimen116

("C:/Users/ulvi95/AppData/Local/Programs/MiKTeX 2.9/tex/latex/pdfpages/ppluatex
.def"
File: ppluatex.def 2017/10/31 v0.5l Pdfpages driver for LuaTeX (AM)
)
\AM@pagebox=\box29
\AM@global@opts=\toks16
\AM@toc@title=\toks17
\c@AM@survey=\count95
\AM@templatesizebox=\box30
)
("C:/Users/ulvi95/AppData/Local/Programs/MiKTeX 2.9/tex/latex/amsfonts/amssymb.
sty"
Package: amssymb 2013/01/14 v3.01 AMS font symbols

("C:/Users/ulvi95/AppData/Local/Programs/MiKTeX 2.9/tex/latex/amsfonts/amsfonts
.sty"
Package: amsfonts 2013/01/14 v3.01 Basic AMSFonts support
\@emptytoks=\toks18
\symAMSa=\mathgroup4
\symAMSb=\mathgroup5
LaTeX Font Info:    Overwriting math alphabet `\mathfrak' in version `bold'
(Font)                  U/euf/m/n --> U/euf/b/n on input line 106.
)) (./homework_01.aux)
\openout1 = homework_01.aux

LaTeX Font Info:    Checking defaults for OML/cmm/m/it on input line 5.
LaTeX Font Info:    ... okay on input line 5.
LaTeX Font Info:    Checking defaults for T1/cmr/m/n on input line 5.
LaTeX Font Info:    ... okay on input line 5.
LaTeX Font Info:    Checking defaults for OT1/cmr/m/n on input line 5.
LaTeX Font Info:    ... okay on input line 5.
LaTeX Font Info:    Checking defaults for OMS/cmsy/m/n on input line 5.
LaTeX Font Info:    ... okay on input line 5.
LaTeX Font Info:    Checking defaults for TU/lmr/m/n on input line 5.
LaTeX Font Info:    ... okay on input line 5.
LaTeX Font Info:    Checking defaults for OMX/cmex/m/n on input line 5.
LaTeX Font Info:    ... okay on input line 5.
LaTeX Font Info:    Checking defaults for U/cmr/m/n on input line 5.
LaTeX Font Info:    ... okay on input line 5.

*geometry* driver: auto-detecting
*geometry* detected driver: luatex
*geometry* verbose mode - [ preamble ] result:
* driver: luatex
* paper: <default>
* layout: <same size as paper>
* layoutoffset:(h,v)=(0.0pt,0.0pt)
* modes: 
* h-part:(L,W,R)=(89.6271pt, 418.25372pt, 89.6271pt)
* v-part:(T,H,B)=(101.40665pt, 591.53027pt, 152.11002pt)
* \paperwidth=597.50793pt
* \paperheight=845.04694pt
* \textwidth=418.25372pt
* \textheight=591.53027pt
* \oddsidemargin=17.35712pt
* \evensidemargin=17.35712pt
* \topmargin=-8.26335pt
* \headheight=17.0pt
* \headsep=20.40001pt
* \topskip=11.0pt
* \footskip=47.6pt
* \marginparwidth=59.7508pt
* \marginparsep=12.8401pt
* \columnsep=10.0pt
* \skip\footins=10.0pt plus 4.0pt minus 2.0pt
* \hoffset=0.0pt
* \voffset=0.0pt
* \mag=1000
* \@twocolumnfalse
* \@twosidefalse
* \@mparswitchfalse
* \@reversemarginfalse
* (1in=72.27pt=25.4mm, 1cm=28.453pt)

\AtBeginShipoutBox=\box31

("C:/Users/ulvi95/AppData/Local/Programs/MiKTeX 2.9/tex/context/base/mkii/supp-
pdf.mkii"
[Loading MPS to PDF converter (version 2006.09.02).]
\scratchcounter=\count96
\scratchdimen=\dimen117
\scratchbox=\box32
\nofMPsegments=\count97
\nofMParguments=\count98
\everyMPshowfont=\toks19
\MPscratchCnt=\count99
\MPscratchDim=\dimen118
\MPnumerator=\count100
\makeMPintoPDFobject=\count101
\everyMPtoPDFconversion=\toks20
)
("C:/Users/ulvi95/AppData/Local/Programs/MiKTeX 2.9/tex/latex/oberdiek/epstopdf
-base.sty"
Package: epstopdf-base 2016/05/15 v2.6 Base part for package epstopdf

("C:/Users/ulvi95/AppData/Local/Programs/MiKTeX 2.9/tex/latex/oberdiek/grfext.s
ty"
Package: grfext 2016/05/16 v1.2 Manage graphics extensions (HO)

("C:/Users/ulvi95/AppData/Local/Programs/MiKTeX 2.9/tex/generic/oberdiek/kvdefi
nekeys.sty"
Package: kvdefinekeys 2016/05/16 v1.4 Define keys (HO)
))
("C:/Users/ulvi95/AppData/Local/Programs/MiKTeX 2.9/tex/latex/oberdiek/kvoption
s.sty"
Package: kvoptions 2016/05/16 v3.12 Key value format for package options (HO)

("C:/Users/ulvi95/AppData/Local/Programs/MiKTeX 2.9/tex/generic/oberdiek/kvsetk
eys.sty"
Package: kvsetkeys 2016/05/16 v1.17 Key value parser (HO)

("C:/Users/ulvi95/AppData/Local/Programs/MiKTeX 2.9/tex/generic/oberdiek/etexcm
ds.sty"
Package: etexcmds 2016/05/16 v1.6 Avoid name clashes with e-TeX commands (HO)

("C:/Users/ulvi95/AppData/Local/Programs/MiKTeX 2.9/tex/generic/oberdiek/ifluat
ex.sty"
Package: ifluatex 2016/05/16 v1.4 Provides the ifluatex switch (HO)
Package ifluatex Info: LuaTeX detected.
))))
("C:/Users/ulvi95/AppData/Local/Programs/MiKTeX 2.9/tex/generic/oberdiek/pdftex
cmds.sty"
Package: pdftexcmds 2018/09/10 v0.29 Utility functions of pdfTeX for LuaTeX (HO)

Package pdftexcmds Info: \pdf@primitive is available.
Package pdftexcmds Info: \pdf@ifprimitive is available.
Package pdftexcmds Info: \pdfdraftmode found.
\pdftexcmds@toks=\toks21
)
Package epstopdf-base Info: Redefining graphics rule for `.eps' on input line 43
8.
Package grfext Info: Graphics extension search list:
(grfext)             [.pdf,.png,.jpg,.mps,.jpeg,.jbig2,.jb2,.PDF,.PNG,.JPG,.JPEG
,.JBIG2,.JB2,.eps]
(grfext)             \AppendGraphicsExtensions on input line 456.
)
("C:/Users/ulvi95/AppData/Local/Programs/MiKTeX 2.9/tex/latex/oberdiek/pdflscap
e.sty"
Package: pdflscape 2016/05/14 v0.11 Display of landscape pages in PDF (HO)

("C:/Users/ulvi95/AppData/Local/Programs/MiKTeX 2.9/tex/latex/graphics/lscape.s
ty"
Package: lscape 2000/10/22 v3.01 Landscape Pages (DPC)
)
Package pdflscape Info: Auto-detected driver: pdftex on input line 81.
) [1

{C:/Users/ulvi95/AppData/Local/MiKTeX/2.9/pdftex/config/pdftex.map}]
[2] [3]
LaTeX Font Info:    Try loading font information for U+msa on input line 73.

("C:/Users/ulvi95/AppData/Local/Programs/MiKTeX 2.9/tex/latex/amsfonts/umsa.fd"
File: umsa.fd 2013/01/14 v3.01 AMS symbols A
)
LaTeX Font Info:    Try loading font information for U+msb on input line 73.
 ("C:/Users/ulvi95/AppData/Local/Programs/MiKTeX 2.9/tex/latex/amsfonts/umsb.fd
"
File: umsb.fd 2013/01/14 v3.01 AMS symbols B
)
Underfull \hbox (badness 10000) in paragraph at lines 87--88

 []


Underfull \hbox (badness 10000) in paragraph at lines 89--90

 []

[4]
<UntitledDiagram.pdf, id=20, 598.15468pt x 845.07718pt>
File: UntitledDiagram.pdf Graphic file (type pdf)
<use UntitledDiagram.pdf>
Package luatex.def Info: UntitledDiagram.pdf  used on input line 95.
(luatex.def)             Requested size: 598.15321pt x 845.07512pt.
File: UntitledDiagram.pdf Graphic file (type pdf)
<use UntitledDiagram.pdf>
Package luatex.def Info: UntitledDiagram.pdf  used on input line 95.
(luatex.def)             Requested size: 598.15321pt x 845.07512pt.
<UntitledDiagram.pdf, id=23, page=1, 598.15468pt x 845.07718pt>
File: UntitledDiagram.pdf Graphic file (type pdf)
<use UntitledDiagram.pdf, page 1>
Package luatex.def Info: UntitledDiagram.pdf , page1 used on input line 95.
(luatex.def)             Requested size: 598.15321pt x 845.07512pt.
File: UntitledDiagram.pdf Graphic file (type pdf)
<use UntitledDiagram.pdf, page 1>
Package luatex.def Info: UntitledDiagram.pdf , page1 used on input line 95.
(luatex.def)             Requested size: 597.66034pt x 844.37878pt.
 [5]
File: UntitledDiagram.pdf Graphic file (type pdf)
<use UntitledDiagram.pdf, page 1>
Package luatex.def Info: UntitledDiagram.pdf , page1 used on input line 95.
(luatex.def)             Requested size: 597.66034pt x 844.37878pt.
File: UntitledDiagram.pdf Graphic file (type pdf)
<use UntitledDiagram.pdf, page 1>
Package luatex.def Info: UntitledDiagram.pdf , page1 used on input line 95.
(luatex.def)             Requested size: 597.66034pt x 844.37878pt.
File: UntitledDiagram.pdf Graphic file (type pdf)
<use UntitledDiagram.pdf, page 1>
Package luatex.def Info: UntitledDiagram.pdf , page1 used on input line 95.
(luatex.def)             Requested size: 597.66034pt x 844.37878pt.
 [6<./UntitledDiagram.pdf>]
Underfull \hbox (badness 10000) in paragraph at lines 108--109
[]\TU/lmr/m/n/14.4 https://tur-bo-fu-ture.com/com-put-ers/The-Four-Main-Categor
ies-
 []


Underfull \hbox (badness 10000) in paragraph at lines 111--112
[]\TU/lmr/m/n/14.4 https://blog.mark-shead.com/869/state-machines-computer-
 []

[7] (./homework_01.aux))

Here is how much of LuaTeX's memory you used:
 5835 strings out of 494300
 100000,319454 words of node,token memory allocated
 407 words of node memory still in use:
   2 hlist, 1 vlist, 1 rule, 2 glue, 3 kern, 1 glyph, 4 attribute, 50 glue_spec,
 4 attribute_list, 1 write nodes
   avail lists: 2:189,3:47,4:33,5:128,6:13,7:2091,8:7,9:98,10:16,11:147
 9797 multiletter control sequences out of 65536+200000
 37 fonts using 2367119 bytes
 51i,18n,51p,9110b,504s stack positions out of 5000i,500n,10000p,200000b,50000s
<c:/users/ulvi95/appdata/local/programs/miktex 2.9/fonts/opentype/public/lm/lmro
man12-italic.otf><c:/users/ulvi95/appdata/local/programs/miktex 2.9/fonts/openty
pe/public/lm/lmsans10-bold.otf><c:/users/ulvi95/appdata/local/programs/miktex 2.
9/fonts/opentype/public/lm/lmroman10-regular.otf><c:/users/ulvi95/appdata/local/
programs/miktex 2.9/fonts/opentype/public/lm/lmroman12-regular.otf><C:/Users/ulv
i95/AppData/Local/Programs/MiKTeX 2.9/fonts/type1/public/amsfonts/cm/cmmi12.pfb>
<C:/Users/ulvi95/AppData/Local/Programs/MiKTeX 2.9/fonts/type1/public/amsfonts/c
m/cmr10.pfb><C:/Users/ulvi95/AppData/Local/Programs/MiKTeX 2.9/fonts/type1/publi
c/amsfonts/cm/cmr12.pfb><C:/Users/ulvi95/AppData/Local/Programs/MiKTeX 2.9/fonts
/type1/public/amsfonts/cm/cmsy10.pfb>
Output written on homework_01.pdf (7 pages, 125005 bytes).

PDF statistics: 95 PDF objects out of 1000 (max. 8388607)
 0 named destinations out of 1000 (max. 131072)
 1 words of extra memory for PDF output out of 10000 (max. 100000000)

